<?xml version="1.0" encoding="UTF-8"?>
<testng-results skipped="0" failed="0" ignored="0" total="1" passed="1">
  <reporter-output>
  </reporter-output>
  <suite name="Default suite" duration-ms="11051" started-at="2018-11-16T07:34:37Z" finished-at="2018-11-16T07:34:48Z">
    <groups>
    </groups>
    <test name="Default test" duration-ms="11051" started-at="2018-11-16T07:34:37Z" finished-at="2018-11-16T07:34:48Z">
      <class name="HDFC.Cupon">
        <test-method status="PASS" signature="cupon()[pri:0, instance:HDFC.Cupon@51565ec2]" name="cupon" duration-ms="11012" started-at="2018-11-16T07:34:37Z" finished-at="2018-11-16T07:34:48Z">
          <reporter-output>
          </reporter-output>
        </test-method> <!-- cupon -->
      </class> <!-- HDFC.Cupon -->
    </test> <!-- Default test -->
  </suite> <!-- Default suite -->
</testng-results>
